Release 14.4 - xst P.49d (lin)
Copyright (c) 1995-2012 Xilinx, Inc.  All rights reserved.
--> 
Parameter TMPDIR set to xst/projnav.tmp


Total REAL time to Xst completion: 0.00 secs
Total CPU time to Xst completion: 0.07 secs
 
--> 
Parameter xsthdpdir set to xst


Total REAL time to Xst completion: 0.00 secs
Total CPU time to Xst completion: 0.07 secs
 
--> 
Reading design: MiniAlu.prj

TABLE OF CONTENTS
  1) Synthesis Options Summary
  2) HDL Compilation
  3) Design Hierarchy Analysis
  4) HDL Analysis
  5) HDL Synthesis
     5.1) HDL Synthesis Report
  6) Advanced HDL Synthesis
     6.1) Advanced HDL Synthesis Report
  7) Low Level Synthesis
  8) Partition Report
  9) Final Report
	9.1) Device utilization summary
	9.2) Partition Resource Summary
	9.3) TIMING REPORT


=========================================================================
*                      Synthesis Options Summary                        *
=========================================================================
---- Source Parameters
Input File Name                    : "MiniAlu.prj"
Input Format                       : mixed
Ignore Synthesis Constraint File   : NO

---- Target Parameters
Output File Name                   : "MiniAlu"
Output Format                      : NGC
Target Device                      : xc3s500e-4-fg320

---- Source Options
Top Module Name                    : MiniAlu
Automatic FSM Extraction           : YES
FSM Encoding Algorithm             : Auto
Safe Implementation                : No
FSM Style                          : LUT
RAM Extraction                     : Yes
RAM Style                          : Auto
ROM Extraction                     : Yes
Mux Style                          : Auto
Decoder Extraction                 : YES
Priority Encoder Extraction        : Yes
Shift Register Extraction          : YES
Logical Shifter Extraction         : YES
XOR Collapsing                     : YES
ROM Style                          : Auto
Mux Extraction                     : Yes
Resource Sharing                   : YES
Asynchronous To Synchronous        : NO
Multiplier Style                   : Auto
Automatic Register Balancing       : No

---- Target Options
Add IO Buffers                     : YES
Global Maximum Fanout              : 100000
Add Generic Clock Buffer(BUFG)     : 24
Register Duplication               : YES
Slice Packing                      : YES
Optimize Instantiated Primitives   : NO
Use Clock Enable                   : Yes
Use Synchronous Set                : Yes
Use Synchronous Reset              : Yes
Pack IO Registers into IOBs        : Auto
Equivalent register Removal        : YES

---- General Options
Optimization Goal                  : Speed
Optimization Effort                : 1
Keep Hierarchy                     : No
Netlist Hierarchy                  : As_Optimized
RTL Output                         : Yes
Global Optimization                : AllClockNets
Read Cores                         : YES
Write Timing Constraints           : NO
Cross Clock Analysis               : NO
Hierarchy Separator                : /
Bus Delimiter                      : <>
Case Specifier                     : Maintain
Slice Utilization Ratio            : 100
BRAM Utilization Ratio             : 100
Verilog 2001                       : YES
Auto BRAM Packing                  : NO
Slice Utilization Ratio Delta      : 5

=========================================================================


=========================================================================
*                          HDL Compilation                              *
=========================================================================
Compiling verilog file "../RAM.v" in library work
Compiling verilog file "../Module_ROM.v" in library work
Compiling verilog include file "../Defintions.v"
Module <RAM_DUAL_READ_PORT> compiled
Compiling verilog file "../Collaterals.v" in library work
Module <ROM> compiled
Module <UPCOUNTER_POSEDGE> compiled
Compiling verilog file "../MiniAlu.v" in library work
Compiling verilog include file "../Defintions.v"
Module <FFD_POSEDGE_SYNCRONOUS_RESET> compiled
Module <MiniAlu> compiled
No errors in compilation
Analysis of file <"MiniAlu.prj"> succeeded.
 

=========================================================================
*                     Design Hierarchy Analysis                         *
=========================================================================
Analyzing hierarchy for module <MiniAlu> in library <work>.

Analyzing hierarchy for module <ROM> in library <work>.

Analyzing hierarchy for module <RAM_DUAL_READ_PORT> in library <work> with parameters.
	ADDR_WIDTH = "00000000000000000000000000001000"
	DATA_WIDTH = "00000000000000000000000000010000"
	MEM_SIZE = "00000000000000000000000000001000"

Analyzing hierarchy for module <UPCOUNTER_POSEDGE> in library <work> with parameters.
	SIZE = "00000000000000000000000000010000"

Analyzing hierarchy for module <FFD_POSEDGE_SYNCRONOUS_RESET> in library <work> with parameters.
	SIZE = "00000000000000000000000000001000"


=========================================================================
*                            HDL Analysis                               *
=========================================================================
Analyzing top module <MiniAlu>.
Module <MiniAlu> is correct for synthesis.
 
Analyzing module <ROM> in library <work>.
Module <ROM> is correct for synthesis.
 
Analyzing module <RAM_DUAL_READ_PORT> in library <work>.
	ADDR_WIDTH = 32'sb00000000000000000000000000001000
	DATA_WIDTH = 32'sb00000000000000000000000000010000
	MEM_SIZE = 32'sb00000000000000000000000000001000
INFO:Xst:1433 - Contents of array <Ram> may be accessed with an index that exceeds the array size. This could cause simulation mismatch.
INFO:Xst:1433 - Contents of array <Ram> may be accessed with an index that exceeds the array size. This could cause simulation mismatch.
INFO:Xst:1433 - Contents of array <Ram> may be accessed with an index that exceeds the array size. This could cause simulation mismatch.
Module <RAM_DUAL_READ_PORT> is correct for synthesis.
 
Analyzing module <UPCOUNTER_POSEDGE> in library <work>.
	SIZE = 32'sb00000000000000000000000000010000
Module <UPCOUNTER_POSEDGE> is correct for synthesis.
 
Analyzing module <FFD_POSEDGE_SYNCRONOUS_RESET> in library <work>.
	SIZE = 32'sb00000000000000000000000000001000
Module <FFD_POSEDGE_SYNCRONOUS_RESET> is correct for synthesis.
 

=========================================================================
*                           HDL Synthesis                               *
=========================================================================

Performing bidirectional port resolution...

Synthesizing Unit <ROM>.
    Related source file is "../Module_ROM.v".
Unit <ROM> synthesized.


Synthesizing Unit <RAM_DUAL_READ_PORT>.
    Related source file is "../RAM.v".
WARNING:Xst:647 - Input <iWriteAddress<7:4>> is never used. This port will be preserved and left unconnected if it belongs to a top-level block or it belongs to a sub-block and the hierarchy of this sub-block is preserved.
WARNING:Xst:647 - Input <iReadAddress0<7:4>> is never used. This port will be preserved and left unconnected if it belongs to a top-level block or it belongs to a sub-block and the hierarchy of this sub-block is preserved.
WARNING:Xst:647 - Input <iReadAddress1<7:4>> is never used. This port will be preserved and left unconnected if it belongs to a top-level block or it belongs to a sub-block and the hierarchy of this sub-block is preserved.
    Found 9x16-bit dual-port RAM <Mram_Ram> for signal <Ram>.
    Found 9x16-bit dual-port RAM <Mram_Ram_ren> for signal <Ram>.
    Found 16-bit register for signal <oDataOut0>.
    Found 16-bit register for signal <oDataOut1>.
    Summary:
	inferred   2 RAM(s).
	inferred  32 D-type flip-flop(s).
Unit <RAM_DUAL_READ_PORT> synthesized.


Synthesizing Unit <UPCOUNTER_POSEDGE>.
    Related source file is "../Collaterals.v".
    Found 16-bit up counter for signal <Q>.
    Summary:
	inferred   1 Counter(s).
Unit <UPCOUNTER_POSEDGE> synthesized.


Synthesizing Unit <FFD_POSEDGE_SYNCRONOUS_RESET>.
    Related source file is "../Collaterals.v".
    Found 8-bit register for signal <Q>.
    Summary:
	inferred   8 D-type flip-flop(s).
Unit <FFD_POSEDGE_SYNCRONOUS_RESET> synthesized.


Synthesizing Unit <MiniAlu>.
    Related source file is "../MiniAlu.v".
WARNING:Xst:643 - "../MiniAlu.v" line 136: The result of a 16x16-bit multiplication is partially used. Only the 16 least significant bits are used. If you are doing this on purpose, you may safely ignore this warning. Otherwise, make sure you are not losing information, leading to unexpected circuit behavior.
    Found 16-bit comparator lessequal for signal <rBranchTaken$cmp_le0000> created at line 152.
    Found 16-bit addsub for signal <rResult$addsub0000>.
    Found 16x16-bit multiplier for signal <rResult$mult0001> created at line 136.
    Summary:
	inferred   2 Adder/Subtractor(s).
	inferred   1 Multiplier(s).
	inferred   1 Comparator(s).
Unit <MiniAlu> synthesized.

INFO:Xst:1767 - HDL ADVISOR - Resource sharing has identified that some arithmetic operations in this design can share the same physical resources for reduced device utilization. For improved clock frequency you may try to disable resource sharing.

=========================================================================
HDL Synthesis Report

Macro Statistics
# RAMs                                                 : 2
 9x16-bit dual-port RAM                                : 2
# Multipliers                                          : 1
 16x16-bit multiplier                                  : 1
# Adders/Subtractors                                   : 2
 16-bit adder                                          : 1
 16-bit addsub                                         : 1
# Counters                                             : 1
 16-bit up counter                                     : 1
# Registers                                            : 7
 16-bit register                                       : 2
 8-bit register                                        : 5
# Comparators                                          : 1
 16-bit comparator lessequal                           : 1

=========================================================================

=========================================================================
*                       Advanced HDL Synthesis                          *
=========================================================================

WARNING:Xst:1710 - FF/Latch <Q_0> (without init value) has a constant value of 0 in block <FFD1>. This FF/Latch will be trimmed during the optimization process.
WARNING:Xst:1710 - FF/Latch <Q_0> (without init value) has a constant value of 0 in block <FFD2>. This FF/Latch will be trimmed during the optimization process.
WARNING:Xst:1710 - FF/Latch <Q_2> (without init value) has a constant value of 0 in block <FFD4>. This FF/Latch will be trimmed during the optimization process.
WARNING:Xst:1710 - FF/Latch <Q_3> (without init value) has a constant value of 0 in block <FFD4>. This FF/Latch will be trimmed during the optimization process.
WARNING:Xst:1710 - FF/Latch <Q_4> (without init value) has a constant value of 0 in block <FFD4>. This FF/Latch will be trimmed during the optimization process.
WARNING:Xst:1710 - FF/Latch <Q_5> (without init value) has a constant value of 0 in block <FFD4>. This FF/Latch will be trimmed during the optimization process.
WARNING:Xst:1710 - FF/Latch <Q_6> (without init value) has a constant value of 0 in block <FFD4>. This FF/Latch will be trimmed during the optimization process.
WARNING:Xst:1710 - FF/Latch <Q_7> (without init value) has a constant value of 0 in block <FFD4>. This FF/Latch will be trimmed during the optimization process.
WARNING:Xst:2677 - Node <Q_4> of sequential type is unconnected in block <FFD1>.
WARNING:Xst:2677 - Node <Q_5> of sequential type is unconnected in block <FFD1>.
WARNING:Xst:2677 - Node <Q_6> of sequential type is unconnected in block <FFD1>.
WARNING:Xst:2677 - Node <Q_7> of sequential type is unconnected in block <FFD1>.

Synthesizing (advanced) Unit <MiniAlu>.
	Found pipelined multiplier on signal <rResult_mult0001>:
		- 1 pipeline level(s) found in a register on signal <wSourceData1>.
		Pushing register(s) into the multiplier macro.

		- 1 pipeline level(s) found in a register on signal <wSourceData0>.
		Pushing register(s) into the multiplier macro.
INFO:Xst:3231 - The small RAM <DataRam/Mram_Ram> will be implemented on LUTs in order to maximize performance and save block RAM resources. If you want to force its implementation on block, use option/constraint ram_style.
    -----------------------------------------------------------------------
    | ram_type           | Distributed                         |          |
    -----------------------------------------------------------------------
    | Port A                                                              |
    |     aspect ratio   | 9-word x 16-bit                     |          |
    |     clkA           | connected to signal <Clock>         | rise     |
    |     weA            | connected to signal <rWriteEnable>  | high     |
    |     addrA          | connected to signal <wDestination>  |          |
    |     diA            | connected to signal <rResult>       |          |
    -----------------------------------------------------------------------
    | Port B                                                              |
    |     aspect ratio   | 9-word x 16-bit                     |          |
    |     addrB          | connected to signal <wInstruction>  |          |
    |     doB            | connected to internal node          |          |
    -----------------------------------------------------------------------
INFO:Xst:3231 - The small RAM <DataRam/Mram_Ram_ren> will be implemented on LUTs in order to maximize performance and save block RAM resources. If you want to force its implementation on block, use option/constraint ram_style.
    -----------------------------------------------------------------------
    | ram_type           | Distributed                         |          |
    -----------------------------------------------------------------------
    | Port A                                                              |
    |     aspect ratio   | 9-word x 16-bit                     |          |
    |     clkA           | connected to signal <Clock>         | rise     |
    |     weA            | connected to signal <rWriteEnable>  | high     |
    |     addrA          | connected to signal <wDestination>  |          |
    |     diA            | connected to signal <rResult>       |          |
    -----------------------------------------------------------------------
    | Port B                                                              |
    |     aspect ratio   | 9-word x 16-bit                     |          |
    |     addrB          | connected to signal <wInstruction>  |          |
    |     doB            | connected to internal node          |          |
    -----------------------------------------------------------------------
INFO:Xst:2385 - HDL ADVISOR - You can improve the performance of the multiplier Mmult_rResult_mult0001 by adding 1 register level(s).
Unit <MiniAlu> synthesized (advanced).

=========================================================================
Advanced HDL Synthesis Report

Macro Statistics
# RAMs                                                 : 2
 9x16-bit dual-port distributed RAM                    : 2
# Multipliers                                          : 1
 16x16-bit registered multiplier                       : 1
# Adders/Subtractors                                   : 2
 16-bit adder                                          : 1
 16-bit addsub                                         : 1
# Counters                                             : 1
 16-bit up counter                                     : 1
# Registers                                            : 72
 Flip-Flops                                            : 72
# Comparators                                          : 1
 16-bit comparator lessequal                           : 1

=========================================================================

=========================================================================
*                         Low Level Synthesis                           *
=========================================================================

Optimizing unit <MiniAlu> ...

Optimizing unit <FFD_POSEDGE_SYNCRONOUS_RESET> ...
WARNING:Xst:1710 - FF/Latch <FFD4/Q_7> (without init value) has a constant value of 0 in block <MiniAlu>. This FF/Latch will be trimmed during the optimization process.
WARNING:Xst:1895 - Due to other FF/Latch trimming, FF/Latch <FFD4/Q_6> (without init value) has a constant value of 0 in block <MiniAlu>. This FF/Latch will be trimmed during the optimization process.
WARNING:Xst:1895 - Due to other FF/Latch trimming, FF/Latch <FFD4/Q_5> (without init value) has a constant value of 0 in block <MiniAlu>. This FF/Latch will be trimmed during the optimization process.
WARNING:Xst:1895 - Due to other FF/Latch trimming, FF/Latch <FFD4/Q_4> (without init value) has a constant value of 0 in block <MiniAlu>. This FF/Latch will be trimmed during the optimization process.
WARNING:Xst:1895 - Due to other FF/Latch trimming, FF/Latch <FFD4/Q_3> (without init value) has a constant value of 0 in block <MiniAlu>. This FF/Latch will be trimmed during the optimization process.
WARNING:Xst:1895 - Due to other FF/Latch trimming, FF/Latch <FFD4/Q_2> (without init value) has a constant value of 0 in block <MiniAlu>. This FF/Latch will be trimmed during the optimization process.
WARNING:Xst:1895 - Due to other FF/Latch trimming, FF/Latch <FFD2/Q_0> (without init value) has a constant value of 0 in block <MiniAlu>. This FF/Latch will be trimmed during the optimization process.
WARNING:Xst:1895 - Due to other FF/Latch trimming, FF/Latch <FFD1/Q_0> (without init value) has a constant value of 0 in block <MiniAlu>. This FF/Latch will be trimmed during the optimization process.
WARNING:Xst:2677 - Node <FFD1/Q_7> of sequential type is unconnected in block <MiniAlu>.
WARNING:Xst:2677 - Node <FFD1/Q_6> of sequential type is unconnected in block <MiniAlu>.
WARNING:Xst:2677 - Node <FFD1/Q_5> of sequential type is unconnected in block <MiniAlu>.
WARNING:Xst:2677 - Node <FFD1/Q_4> of sequential type is unconnected in block <MiniAlu>.
WARNING:Xst:2677 - Node <DataRam/oDataOut1_8> of sequential type is unconnected in block <MiniAlu>.
WARNING:Xst:2677 - Node <DataRam/oDataOut1_9> of sequential type is unconnected in block <MiniAlu>.
WARNING:Xst:2677 - Node <DataRam/oDataOut1_10> of sequential type is unconnected in block <MiniAlu>.
WARNING:Xst:2677 - Node <DataRam/oDataOut1_11> of sequential type is unconnected in block <MiniAlu>.
WARNING:Xst:2677 - Node <DataRam/oDataOut1_12> of sequential type is unconnected in block <MiniAlu>.
WARNING:Xst:2677 - Node <DataRam/oDataOut1_13> of sequential type is unconnected in block <MiniAlu>.
WARNING:Xst:2677 - Node <DataRam/oDataOut1_14> of sequential type is unconnected in block <MiniAlu>.
WARNING:Xst:2677 - Node <DataRam/oDataOut1_15> of sequential type is unconnected in block <MiniAlu>.
WARNING:Xst:2677 - Node <DataRam/oDataOut0_0> of sequential type is unconnected in block <MiniAlu>.
WARNING:Xst:2677 - Node <DataRam/oDataOut0_1> of sequential type is unconnected in block <MiniAlu>.
WARNING:Xst:2677 - Node <DataRam/oDataOut0_2> of sequential type is unconnected in block <MiniAlu>.
WARNING:Xst:2677 - Node <DataRam/oDataOut0_3> of sequential type is unconnected in block <MiniAlu>.
WARNING:Xst:2677 - Node <DataRam/oDataOut0_4> of sequential type is unconnected in block <MiniAlu>.
WARNING:Xst:2677 - Node <DataRam/oDataOut0_5> of sequential type is unconnected in block <MiniAlu>.
WARNING:Xst:2677 - Node <DataRam/oDataOut0_6> of sequential type is unconnected in block <MiniAlu>.
WARNING:Xst:2677 - Node <DataRam/oDataOut0_7> of sequential type is unconnected in block <MiniAlu>.
WARNING:Xst:2677 - Node <DataRam/oDataOut0_8> of sequential type is unconnected in block <MiniAlu>.
WARNING:Xst:2677 - Node <DataRam/oDataOut0_9> of sequential type is unconnected in block <MiniAlu>.
WARNING:Xst:2677 - Node <DataRam/oDataOut0_10> of sequential type is unconnected in block <MiniAlu>.
WARNING:Xst:2677 - Node <DataRam/oDataOut0_11> of sequential type is unconnected in block <MiniAlu>.
WARNING:Xst:2677 - Node <DataRam/oDataOut0_12> of sequential type is unconnected in block <MiniAlu>.
WARNING:Xst:2677 - Node <DataRam/oDataOut0_13> of sequential type is unconnected in block <MiniAlu>.
WARNING:Xst:2677 - Node <DataRam/oDataOut0_14> of sequential type is unconnected in block <MiniAlu>.
WARNING:Xst:2677 - Node <DataRam/oDataOut0_15> of sequential type is unconnected in block <MiniAlu>.

Mapping all equations...
Building and optimizing final netlist ...
INFO:Xst:2261 - The FF/Latch <FFD2/Q_7> in Unit <MiniAlu> is equivalent to the following FF/Latch, which will be removed : <FFD2/Q_5> 
INFO:Xst:2261 - The FF/Latch <FFD3/Q_3> in Unit <MiniAlu> is equivalent to the following FF/Latch, which will be removed : <FFD3/Q_2> 
INFO:Xst:2261 - The FF/Latch <FFD3/Q_7> in Unit <MiniAlu> is equivalent to the following 6 FFs/Latches, which will be removed : <FFD3/Q_6> <FFD3/Q_5> <FFD3/Q_4> <FFD2/Q_6> <FFD2/Q_4> <FFD2/Q_2> 
Found area constraint ratio of 100 (+ 5) on block MiniAlu, actual ratio is 0.

Final Macro Processing ...

=========================================================================
Final Register Report

Macro Statistics
# Registers                                            : 44
 Flip-Flops                                            : 44

=========================================================================

=========================================================================
*                           Partition Report                            *
=========================================================================

Partition Implementation Status
-------------------------------

  No Partitions were found in this design.

-------------------------------

=========================================================================
*                            Final Report                               *
=========================================================================
Final Results
RTL Top Level Output File Name     : MiniAlu.ngr
Top Level Output File Name         : MiniAlu
Output Format                      : NGC
Optimization Goal                  : Speed
Keep Hierarchy                     : No

Design Statistics
# IOs                              : 10

Cell Usage :
# BELS                             : 96
#      GND                         : 1
#      LUT2                        : 2
#      LUT2_D                      : 1
#      LUT3                        : 18
#      LUT3_D                      : 2
#      LUT4                        : 36
#      LUT4_D                      : 2
#      LUT4_L                      : 1
#      MUXCY                       : 15
#      MUXF5                       : 1
#      VCC                         : 1
#      XORCY                       : 16
# FlipFlops/Latches                : 44
#      FD                          : 24
#      FDRE                        : 20
# RAMS                             : 32
#      RAM16X1D                    : 32
# Clock Buffers                    : 1
#      BUFGP                       : 1
# IO Buffers                       : 9
#      IBUF                        : 1
#      OBUF                        : 8
# MULTs                            : 1
#      MULT18X18SIO                : 1
=========================================================================

Device utilization summary:
---------------------------

Selected Device : 3s500efg320-4 

 Number of Slices:                       40  out of   4656     0%  
 Number of Slice Flip Flops:             44  out of   9312     0%  
 Number of 4 input LUTs:                126  out of   9312     1%  
    Number used as logic:                62
    Number used as RAMs:                 64
 Number of IOs:                          10
 Number of bonded IOBs:                  10  out of    232     4%  
 Number of MULT18X18SIOs:                 1  out of     20     5%  
 Number of GCLKs:                         1  out of     24     4%  

---------------------------
Partition Resource Summary:
---------------------------

  No Partitions were found in this design.

---------------------------


=========================================================================
TIMING REPORT

NOTE: THESE TIMING NUMBERS ARE ONLY A SYNTHESIS ESTIMATE.
      FOR ACCURATE TIMING INFORMATION PLEASE REFER TO THE TRACE REPORT
      GENERATED AFTER PLACE-and-ROUTE.

Clock Information:
------------------
-----------------------------------+------------------------+-------+
Clock Signal                       | Clock buffer(FF name)  | Load  |
-----------------------------------+------------------------+-------+
Clock                              | BUFGP                  | 77    |
-----------------------------------+------------------------+-------+

Asynchronous Control Signals Information:
----------------------------------------
No asynchronous control signals found in this design

Timing Summary:
---------------
Speed Grade: -4

   Minimum period: 8.488ns (Maximum Frequency: 117.813MHz)
   Minimum input arrival time before clock: 7.825ns
   Maximum output required time after clock: 4.283ns
   Maximum combinational path delay: No path found

Timing Detail:
--------------
All values displayed in nanoseconds (ns)

=========================================================================
Timing constraint: Default period analysis for Clock 'Clock'
  Clock period: 8.488ns (frequency: 117.813MHz)
  Total number of paths / destination ports: 11683 / 328
-------------------------------------------------------------------------
Delay:               8.488ns (Levels of Logic = 5)
  Source:            IP/Q_4 (FF)
  Destination:       Mmult_rResult_mult0001 (MULT)
  Source Clock:      Clock rising
  Destination Clock: Clock rising

  Data Path: IP/Q_4 to Mmult_rResult_mult0001
                                Gate     Net
    Cell:in->out      fanout   Delay   Delay  Logical Name (Net Name)
    ----------------------------------------  ------------
     FD:C->Q               2   0.591   0.622  IP/Q_4 (IP/Q_4)
     LUT4:I0->O            1   0.704   0.455  InstructionRom/oInstruction_and000044 (InstructionRom/oInstruction_and000044)
     LUT4:I2->O            4   0.704   0.622  InstructionRom/oInstruction_and000056 (InstructionRom/oInstruction_and000056)
     LUT3_D:I2->O          7   0.704   0.712  InstructionRom/oInstruction_and000082 (InstructionRom/oInstruction_and0000)
     LUT4:I3->O           17   0.704   1.051  InstructionRom/oInstruction<3>1 (wInstruction<3>)
     RAM16X1D:DPRA3->DPO    3   0.704   0.531  DataRam/Mram_Ram16 (DataRam/_varindex0000<15>)
     MULT18X18SIO:B15          0.384          Mmult_rResult_mult0001
    ----------------------------------------
    Total                      8.488ns (4.495ns logic, 3.993ns route)
                                       (53.0% logic, 47.0% route)

=========================================================================
Timing constraint: Default OFFSET IN BEFORE for Clock 'Clock'
  Total number of paths / destination ports: 705 / 203
-------------------------------------------------------------------------
Offset:              7.825ns (Levels of Logic = 5)
  Source:            Reset (PAD)
  Destination:       DataRam/oDataOut1_0 (FF)
  Destination Clock: Clock rising

  Data Path: Reset to DataRam/oDataOut1_0
                                Gate     Net
    Cell:in->out      fanout   Delay   Delay  Logical Name (Net Name)
    ----------------------------------------  ------------
     IBUF:I->O            27   1.218   1.436  Reset_IBUF (Reset_IBUF)
     LUT4_D:I0->O          8   0.704   0.932  wIP<1>1 (wIP<1>)
     LUT4:I0->O            1   0.704   0.000  InstructionRom/oInstruction<8>1_F (N0)
     MUXF5:I0->O          17   0.321   1.051  InstructionRom/oInstruction<8>1 (wInstruction<8>)
     RAM16X1D:DPRA0->DPO    2   0.704   0.447  DataRam/Mram_Ram_ren1 (DataRam/_varindex0001<0>)
     FD:D                      0.308          DataRam/oDataOut1_0
    ----------------------------------------
    Total                      7.825ns (3.959ns logic, 3.866ns route)
                                       (50.6% logic, 49.4% route)

=========================================================================
Timing constraint: Default OFFSET OUT AFTER for Clock 'Clock'
  Total number of paths / destination ports: 8 / 8
-------------------------------------------------------------------------
Offset:              4.283ns (Levels of Logic = 1)
  Source:            FF_LEDS/Q_7 (FF)
  Destination:       oLed<7> (PAD)
  Source Clock:      Clock rising

  Data Path: FF_LEDS/Q_7 to oLed<7>
                                Gate     Net
    Cell:in->out      fanout   Delay   Delay  Logical Name (Net Name)
    ----------------------------------------  ------------
     FDRE:C->Q             1   0.591   0.420  FF_LEDS/Q_7 (FF_LEDS/Q_7)
     OBUF:I->O                 3.272          oLed_7_OBUF (oLed<7>)
    ----------------------------------------
    Total                      4.283ns (3.863ns logic, 0.420ns route)
                                       (90.2% logic, 9.8% route)

=========================================================================


Total REAL time to Xst completion: 19.00 secs
Total CPU time to Xst completion: 14.93 secs
 
--> 


Total memory usage is 171040 kilobytes

Number of errors   :    0 (   0 filtered)
Number of warnings :   56 (   0 filtered)
Number of infos    :   10 (   0 filtered)

